The system is: Linux - 4.15.0-91-generic - x86_64
Compiling the C compiler identification source file "CMakeCCompilerId.c" succeeded.
Compiler: /usr/bin/cc 
Build flags: 
Id flags:  

The output was:
0


Compilation of the C compiler identification source "CMakeCCompilerId.c" produced "a.out"

The C compiler identification is GNU, found in "/home/bondarevivan/Github/task_1/CMakeFiles/3.10.2/CompilerIdC/a.out"

Compiling the CXX compiler identification source file "CMakeCXXCompilerId.cpp" succeeded.
Compiler: /usr/bin/c++ 
Build flags: 
Id flags:  

The output was:
0


Compilation of the CXX compiler identification source "CMakeCXXCompilerId.cpp" produced "a.out"

The CXX compiler identification is GNU, found in "/home/bondarevivan/Github/task_1/CMakeFiles/3.10.2/CompilerIdCXX/a.out"

Determining if the C compiler works passed with the following output:
Change Dir: /home/bondarevivan/Github/task_1/CMakeFiles/CMakeTmp

Run Build Command:"/usr/bin/make" "cmTC_36682/fast"
/usr/bin/make -f CMakeFiles/cmTC_36682.dir/build.make CMakeFiles/cmTC_36682.dir/build
make[1]: вход в каталог «/home/bondarevivan/Github/task_1/CMakeFiles/CMakeTmp»
Building C object CMakeFiles/cmTC_36682.dir/testCCompiler.c.o
/usr/bin/cc    -o CMakeFiles/cmTC_36682.dir/testCCompiler.c.o   -c /home/bondarevivan/Github/task_1/CMakeFiles/CMakeTmp/testCCompiler.c
Linking C executable cmTC_36682
/usr/bin/cmake -E cmake_link_script CMakeFiles/cmTC_36682.dir/link.txt --verbose=1
/usr/bin/cc      -rdynamic CMakeFiles/cmTC_36682.dir/testCCompiler.c.o  -o cmTC_36682 
make[1]: выход из каталога «/home/bondarevivan/Github/task_1/CMakeFiles/CMakeTmp»


Detecting C compiler ABI info compiled with the following output:
Change Dir: /home/bondarevivan/Github/task_1/CMakeFiles/CMakeTmp

Run Build Command:"/usr/bin/make" "cmTC_0a82f/fast"
/usr/bin/make -f CMakeFiles/cmTC_0a82f.dir/build.make CMakeFiles/cmTC_0a82f.dir/build
make[1]: вход в каталог «/home/bondarevivan/Github/task_1/CMakeFiles/CMakeTmp»
Building C object CMakeFiles/cmTC_0a82f.dir/CMakeCCompilerABI.c.o
/usr/bin/cc    -o CMakeFiles/cmTC_0a82f.dir/CMakeCCompilerABI.c.o   -c /usr/share/cmake-3.10/Modules/CMakeCCompilerABI.c
Linking C executable cmTC_0a82f
/usr/bin/cmake -E cmake_link_script CMakeFiles/cmTC_0a82f.dir/link.txt --verbose=1
/usr/bin/cc     -v -rdynamic CMakeFiles/cmTC_0a82f.dir/CMakeCCompilerABI.c.o  -o cmTC_0a82f 
Using built-in specs.
COLLECT_GCC=/usr/bin/cc
COLLECT_LTO_WRAPPER=/usr/lib/gcc/x86_64-linux-gnu/7/lto-wrapper
OFFLOAD_TARGET_NAMES=nvptx-none
OFFLOAD_TARGET_DEFAULT=1
Target: x86_64-linux-gnu
Configured with: ../src/configure -v --with-pkgversion='Ubuntu 7.5.0-3ubuntu1~18.04' --with-bugurl=file:///usr/share/doc/gcc-7/README.Bugs --enable-languages=c,ada,c++,go,brig,d,fortran,objc,obj-c++ --prefix=/usr --with-gcc-major-version-only --program-suffix=-7 --program-prefix=x86_64-linux-gnu- --enable-shared --enable-linker-build-id --libexecdir=/usr/lib --without-included-gettext --enable-threads=posix --libdir=/usr/lib --enable-nls --enable-bootstrap --enable-clocale=gnu --enable-libstdcxx-debug --enable-libstdcxx-time=yes --with-default-libstdcxx-abi=new --enable-gnu-unique-object --disable-vtable-verify --enable-libmpx --enable-plugin --enable-default-pie --with-system-zlib --with-target-system-zlib --enable-objc-gc=auto --enable-multiarch --disable-werror --with-arch-32=i686 --with-abi=m64 --with-multilib-list=m32,m64,mx32 --enable-multilib --with-tune=generic --enable-offload-targets=nvptx-none --without-cuda-driver --enable-checking=release --build=x86_64-linux-gnu --host=x86_64-linux-gnu --target=x86_64-linux-gnu
Thread model: posix
gcc version 7.5.0 (Ubuntu 7.5.0-3ubuntu1~18.04) 
COMPILER_PATH=/usr/lib/gcc/x86_64-linux-gnu/7/:/usr/lib/gcc/x86_64-linux-gnu/7/:/usr/lib/gcc/x86_64-linux-gnu/:/usr/lib/gcc/x86_64-linux-gnu/7/:/usr/lib/gcc/x86_64-linux-gnu/
LIBRARY_PATH=/usr/lib/gcc/x86_64-linux-gnu/7/:/usr/lib/gcc/x86_64-linux-gnu/7/../../../x86_64-linux-gnu/:/usr/lib/gcc/x86_64-linux-gnu/7/../../../../lib/:/lib/x86_64-linux-gnu/:/lib/../lib/:/usr/lib/x86_64-linux-gnu/:/usr/lib/../lib/:/usr/lib/gcc/x86_64-linux-gnu/7/../../../:/lib/:/usr/lib/
COLLECT_GCC_OPTIONS='-v' '-rdynamic' '-o' 'cmTC_0a82f' '-mtune=generic' '-march=x86-64'
 /usr/lib/gcc/x86_64-linux-gnu/7/collect2 -plugin /usr/lib/gcc/x86_64-linux-gnu/7/liblto_plugin.so -plugin-opt=/usr/lib/gcc/x86_64-linux-gnu/7/lto-wrapper -plugin-opt=-fresolution=/tmp/ccxSE3kk.res -plugin-opt=-pass-through=-lgcc -plugin-opt=-pass-through=-lgcc_s -plugin-opt=-pass-through=-lc -plugin-opt=-pass-through=-lgcc -plugin-opt=-pass-through=-lgcc_s --build-id --eh-frame-hdr -m elf_x86_64 --hash-style=gnu --as-needed -export-dynamic -dynamic-linker /lib64/ld-linux-x86-64.so.2 -pie -z now -z relro -o cmTC_0a82f /usr/lib/gcc/x86_64-linux-gnu/7/../../../x86_64-linux-gnu/Scrt1.o /usr/lib/gcc/x86_64-linux-gnu/7/../../../x86_64-linux-gnu/crti.o /usr/lib/gcc/x86_64-linux-gnu/7/crtbeginS.o -L/usr/lib/gcc/x86_64-linux-gnu/7 -L/usr/lib/gcc/x86_64-linux-gnu/7/../../../x86_64-linux-gnu -L/usr/lib/gcc/x86_64-linux-gnu/7/../../../../lib -L/lib/x86_64-linux-gnu -L/lib/../lib -L/usr/lib/x86_64-linux-gnu -L/usr/lib/../lib -L/usr/lib/gcc/x86_64-linux-gnu/7/../../.. CMakeFiles/cmTC_0a82f.dir/CMakeCCompilerABI.c.o -lgcc --push-state --as-needed -lgcc_s --pop-state -lc -lgcc --push-state --as-needed -lgcc_s --pop-state /usr/lib/gcc/x86_64-linux-gnu/7/crtendS.o /usr/lib/gcc/x86_64-linux-gnu/7/../../../x86_64-linux-gnu/crtn.o
COLLECT_GCC_OPTIONS='-v' '-rdynamic' '-o' 'cmTC_0a82f' '-mtune=generic' '-march=x86-64'
make[1]: выход из каталога «/home/bondarevivan/Github/task_1/CMakeFiles/CMakeTmp»


Parsed C implicit link information from above output:
  link line regex: [^( *|.*[/\])(ld|CMAKE_LINK_STARTFILE-NOTFOUND|([^/\]+-)?ld|collect2)[^/\]*( |$)]
  ignore line: [Change Dir: /home/bondarevivan/Github/task_1/CMakeFiles/CMakeTmp]
  ignore line: []
  ignore line: [Run Build Command:"/usr/bin/make" "cmTC_0a82f/fast"]
  ignore line: [/usr/bin/make -f CMakeFiles/cmTC_0a82f.dir/build.make CMakeFiles/cmTC_0a82f.dir/build]
  ignore line: [make[1]: вход в каталог «/home/bondarevivan/Github/task_1/CMakeFiles/CMakeTmp»]
  ignore line: [Building C object CMakeFiles/cmTC_0a82f.dir/CMakeCCompilerABI.c.o]
  ignore line: [/usr/bin/cc    -o CMakeFiles/cmTC_0a82f.dir/CMakeCCompilerABI.c.o   -c /usr/share/cmake-3.10/Modules/CMakeCCompilerABI.c]
  ignore line: [Linking C executable cmTC_0a82f]
  ignore line: [/usr/bin/cmake -E cmake_link_script CMakeFiles/cmTC_0a82f.dir/link.txt --verbose=1]
  ignore line: [/usr/bin/cc     -v -rdynamic CMakeFiles/cmTC_0a82f.dir/CMakeCCompilerABI.c.o  -o cmTC_0a82f ]
  ignore line: [Using built-in specs.]
  ignore line: [COLLECT_GCC=/usr/bin/cc]
  ignore line: [COLLECT_LTO_WRAPPER=/usr/lib/gcc/x86_64-linux-gnu/7/lto-wrapper]
  ignore line: [OFFLOAD_TARGET_NAMES=nvptx-none]
  ignore line: [OFFLOAD_TARGET_DEFAULT=1]
  ignore line: [Target: x86_64-linux-gnu]
  ignore line: [Configured with: ../src/configure -v --with-pkgversion='Ubuntu 7.5.0-3ubuntu1~18.04' --with-bugurl=file:///usr/share/doc/gcc-7/README.Bugs --enable-languages=c,ada,c++,go,brig,d,fortran,objc,obj-c++ --prefix=/usr --with-gcc-major-version-only --program-suffix=-7 --program-prefix=x86_64-linux-gnu- --enable-shared --enable-linker-build-id --libexecdir=/usr/lib --without-included-gettext --enable-threads=posix --libdir=/usr/lib --enable-nls --enable-bootstrap --enable-clocale=gnu --enable-libstdcxx-debug --enable-libstdcxx-time=yes --with-default-libstdcxx-abi=new --enable-gnu-unique-object --disable-vtable-verify --enable-libmpx --enable-plugin --enable-default-pie --with-system-zlib --with-target-system-zlib --enable-objc-gc=auto --enable-multiarch --disable-werror --with-arch-32=i686 --with-abi=m64 --with-multilib-list=m32,m64,mx32 --enable-multilib --with-tune=generic --enable-offload-targets=nvptx-none --without-cuda-driver --enable-checking=release --build=x86_64-linux-gnu --host=x86_64-linux-gnu --target=x86_64-linux-gnu]
  ignore line: [Thread model: posix]
  ignore line: [gcc version 7.5.0 (Ubuntu 7.5.0-3ubuntu1~18.04) ]
  ignore line: [COMPILER_PATH=/usr/lib/gcc/x86_64-linux-gnu/7/:/usr/lib/gcc/x86_64-linux-gnu/7/:/usr/lib/gcc/x86_64-linux-gnu/:/usr/lib/gcc/x86_64-linux-gnu/7/:/usr/lib/gcc/x86_64-linux-gnu/]
  ignore line: [LIBRARY_PATH=/usr/lib/gcc/x86_64-linux-gnu/7/:/usr/lib/gcc/x86_64-linux-gnu/7/../../../x86_64-linux-gnu/:/usr/lib/gcc/x86_64-linux-gnu/7/../../../../lib/:/lib/x86_64-linux-gnu/:/lib/../lib/:/usr/lib/x86_64-linux-gnu/:/usr/lib/../lib/:/usr/lib/gcc/x86_64-linux-gnu/7/../../../:/lib/:/usr/lib/]
  ignore line: [COLLECT_GCC_OPTIONS='-v' '-rdynamic' '-o' 'cmTC_0a82f' '-mtune=generic' '-march=x86-64']
  link line: [ /usr/lib/gcc/x86_64-linux-gnu/7/collect2 -plugin /usr/lib/gcc/x86_64-linux-gnu/7/liblto_plugin.so -plugin-opt=/usr/lib/gcc/x86_64-linux-gnu/7/lto-wrapper -plugin-opt=-fresolution=/tmp/ccxSE3kk.res -plugin-opt=-pass-through=-lgcc -plugin-opt=-pass-through=-lgcc_s -plugin-opt=-pass-through=-lc -plugin-opt=-pass-through=-lgcc -plugin-opt=-pass-through=-lgcc_s --build-id --eh-frame-hdr -m elf_x86_64 --hash-style=gnu --as-needed -export-dynamic -dynamic-linker /lib64/ld-linux-x86-64.so.2 -pie -z now -z relro -o cmTC_0a82f /usr/lib/gcc/x86_64-linux-gnu/7/../../../x86_64-linux-gnu/Scrt1.o /usr/lib/gcc/x86_64-linux-gnu/7/../../../x86_64-linux-gnu/crti.o /usr/lib/gcc/x86_64-linux-gnu/7/crtbeginS.o -L/usr/lib/gcc/x86_64-linux-gnu/7 -L/usr/lib/gcc/x86_64-linux-gnu/7/../../../x86_64-linux-gnu -L/usr/lib/gcc/x86_64-linux-gnu/7/../../../../lib -L/lib/x86_64-linux-gnu -L/lib/../lib -L/usr/lib/x86_64-linux-gnu -L/usr/lib/../lib -L/usr/lib/gcc/x86_64-linux-gnu/7/../../.. CMakeFiles/cmTC_0a82f.dir/CMakeCCompilerABI.c.o -lgcc --push-state --as-needed -lgcc_s --pop-state -lc -lgcc --push-state --as-needed -lgcc_s --pop-state /usr/lib/gcc/x86_64-linux-gnu/7/crtendS.o /usr/lib/gcc/x86_64-linux-gnu/7/../../../x86_64-linux-gnu/crtn.o]
    arg [/usr/lib/gcc/x86_64-linux-gnu/7/collect2] ==> ignore
    arg [-plugin] ==> ignore
    arg [/usr/lib/gcc/x86_64-linux-gnu/7/liblto_plugin.so] ==> ignore
    arg [-plugin-opt=/usr/lib/gcc/x86_64-linux-gnu/7/lto-wrapper] ==> ignore
    arg [-plugin-opt=-fresolution=/tmp/ccxSE3kk.res] ==> ignore
    arg [-plugin-opt=-pass-through=-lgcc] ==> ignore
    arg [-plugin-opt=-pass-through=-lgcc_s] ==> ignore
    arg [-plugin-opt=-pass-through=-lc] ==> ignore
    arg [-plugin-opt=-pass-through=-lgcc] ==> ignore
    arg [-plugin-opt=-pass-through=-lgcc_s] ==> ignore
    arg [--build-id] ==> ignore
    arg [--eh-frame-hdr] ==> ignore
    arg [-m] ==> ignore
    arg [elf_x86_64] ==> ignore
    arg [--hash-style=gnu] ==> ignore
    arg [--as-needed] ==> ignore
    arg [-export-dynamic] ==> ignore
    arg [-dynamic-linker] ==> ignore
    arg [/lib64/ld-linux-x86-64.so.2] ==> ignore
    arg [-pie] ==> ignore
    arg [-znow] ==> ignore
    arg [-zrelro] ==> ignore
    arg [-o] ==> ignore
    arg [cmTC_0a82f] ==> ignore
    arg [/usr/lib/gcc/x86_64-linux-gnu/7/../../../x86_64-linux-gnu/Scrt1.o] ==> ignore
    arg [/usr/lib/gcc/x86_64-linux-gnu/7/../../../x86_64-linux-gnu/crti.o] ==> ignore
    arg [/usr/lib/gcc/x86_64-linux-gnu/7/crtbeginS.o] ==> ignore
    arg [-L/usr/lib/gcc/x86_64-linux-gnu/7] ==> dir [/usr/lib/gcc/x86_64-linux-gnu/7]
    arg [-L/usr/lib/gcc/x86_64-linux-gnu/7/../../../x86_64-linux-gnu] ==> dir [/usr/lib/gcc/x86_64-linux-gnu/7/../../../x86_64-linux-gnu]
    arg [-L/usr/lib/gcc/x86_64-linux-gnu/7/../../../../lib] ==> dir [/usr/lib/gcc/x86_64-linux-gnu/7/../../../../lib]
    arg [-L/lib/x86_64-linux-gnu] ==> dir [/lib/x86_64-linux-gnu]
    arg [-L/lib/../lib] ==> dir [/lib/../lib]
    arg [-L/usr/lib/x86_64-linux-gnu] ==> dir [/usr/lib/x86_64-linux-gnu]
    arg [-L/usr/lib/../lib] ==> dir [/usr/lib/../lib]
    arg [-L/usr/lib/gcc/x86_64-linux-gnu/7/../../..] ==> dir [/usr/lib/gcc/x86_64-linux-gnu/7/../../..]
    arg [CMakeFiles/cmTC_0a82f.dir/CMakeCCompilerABI.c.o] ==> ignore
    arg [-lgcc] ==> lib [gcc]
    arg [--push-state] ==> ignore
    arg [--as-needed] ==> ignore
    arg [-lgcc_s] ==> lib [gcc_s]
    arg [--pop-state] ==> ignore
    arg [-lc] ==> lib [c]
    arg [-lgcc] ==> lib [gcc]
    arg [--push-state] ==> ignore
    arg [--as-needed] ==> ignore
    arg [-lgcc_s] ==> lib [gcc_s]
    arg [--pop-state] ==> ignore
    arg [/usr/lib/gcc/x86_64-linux-gnu/7/crtendS.o] ==> ignore
    arg [/usr/lib/gcc/x86_64-linux-gnu/7/../../../x86_64-linux-gnu/crtn.o] ==> ignore
  collapse library dir [/usr/lib/gcc/x86_64-linux-gnu/7] ==> [/usr/lib/gcc/x86_64-linux-gnu/7]
  collapse library dir [/usr/lib/gcc/x86_64-linux-gnu/7/../../../x86_64-linux-gnu] ==> [/usr/lib/x86_64-linux-gnu]
  collapse library dir [/usr/lib/gcc/x86_64-linux-gnu/7/../../../../lib] ==> [/usr/lib]
  collapse library dir [/lib/x86_64-linux-gnu] ==> [/lib/x86_64-linux-gnu]
  collapse library dir [/lib/../lib] ==> [/lib]
  collapse library dir [/usr/lib/x86_64-linux-gnu] ==> [/usr/lib/x86_64-linux-gnu]
  collapse library dir [/usr/lib/../lib] ==> [/usr/lib]
  collapse library dir [/usr/lib/gcc/x86_64-linux-gnu/7/../../..] ==> [/usr/lib]
  implicit libs: [gcc;gcc_s;c;gcc;gcc_s]
  implicit dirs: [/usr/lib/gcc/x86_64-linux-gnu/7;/usr/lib/x86_64-linux-gnu;/usr/lib;/lib/x86_64-linux-gnu;/lib]
  implicit fwks: []




Detecting C [-std=c11] compiler features compiled with the following output:
Change Dir: /home/bondarevivan/Github/task_1/CMakeFiles/CMakeTmp

Run Build Command:"/usr/bin/make" "cmTC_6196d/fast"
/usr/bin/make -f CMakeFiles/cmTC_6196d.dir/build.make CMakeFiles/cmTC_6196d.dir/build
make[1]: вход в каталог «/home/bondarevivan/Github/task_1/CMakeFiles/CMakeTmp»
Building C object CMakeFiles/cmTC_6196d.dir/feature_tests.c.o
/usr/bin/cc   -std=c11 -o CMakeFiles/cmTC_6196d.dir/feature_tests.c.o   -c /home/bondarevivan/Github/task_1/CMakeFiles/feature_tests.c
Linking C executable cmTC_6196d
/usr/bin/cmake -E cmake_link_script CMakeFiles/cmTC_6196d.dir/link.txt --verbose=1
/usr/bin/cc      -rdynamic CMakeFiles/cmTC_6196d.dir/feature_tests.c.o  -o cmTC_6196d 
make[1]: выход из каталога «/home/bondarevivan/Github/task_1/CMakeFiles/CMakeTmp»


    Feature record: C_FEATURE:1c_function_prototypes
    Feature record: C_FEATURE:1c_restrict
    Feature record: C_FEATURE:1c_static_assert
    Feature record: C_FEATURE:1c_variadic_macros


Detecting C [-std=c99] compiler features compiled with the following output:
Change Dir: /home/bondarevivan/Github/task_1/CMakeFiles/CMakeTmp

Run Build Command:"/usr/bin/make" "cmTC_df0cb/fast"
/usr/bin/make -f CMakeFiles/cmTC_df0cb.dir/build.make CMakeFiles/cmTC_df0cb.dir/build
make[1]: вход в каталог «/home/bondarevivan/Github/task_1/CMakeFiles/CMakeTmp»
Building C object CMakeFiles/cmTC_df0cb.dir/feature_tests.c.o
/usr/bin/cc   -std=c99 -o CMakeFiles/cmTC_df0cb.dir/feature_tests.c.o   -c /home/bondarevivan/Github/task_1/CMakeFiles/feature_tests.c
Linking C executable cmTC_df0cb
/usr/bin/cmake -E cmake_link_script CMakeFiles/cmTC_df0cb.dir/link.txt --verbose=1
/usr/bin/cc      -rdynamic CMakeFiles/cmTC_df0cb.dir/feature_tests.c.o  -o cmTC_df0cb 
make[1]: выход из каталога «/home/bondarevivan/Github/task_1/CMakeFiles/CMakeTmp»


    Feature record: C_FEATURE:1c_function_prototypes
    Feature record: C_FEATURE:1c_restrict
    Feature record: C_FEATURE:0c_static_assert
    Feature record: C_FEATURE:1c_variadic_macros


Detecting C [-std=c90] compiler features compiled with the following output:
Change Dir: /home/bondarevivan/Github/task_1/CMakeFiles/CMakeTmp

Run Build Command:"/usr/bin/make" "cmTC_4f40a/fast"
/usr/bin/make -f CMakeFiles/cmTC_4f40a.dir/build.make CMakeFiles/cmTC_4f40a.dir/build
make[1]: вход в каталог «/home/bondarevivan/Github/task_1/CMakeFiles/CMakeTmp»
Building C object CMakeFiles/cmTC_4f40a.dir/feature_tests.c.o
/usr/bin/cc   -std=c90 -o CMakeFiles/cmTC_4f40a.dir/feature_tests.c.o   -c /home/bondarevivan/Github/task_1/CMakeFiles/feature_tests.c
Linking C executable cmTC_4f40a
/usr/bin/cmake -E cmake_link_script CMakeFiles/cmTC_4f40a.dir/link.txt --verbose=1
/usr/bin/cc      -rdynamic CMakeFiles/cmTC_4f40a.dir/feature_tests.c.o  -o cmTC_4f40a 
make[1]: выход из каталога «/home/bondarevivan/Github/task_1/CMakeFiles/CMakeTmp»


    Feature record: C_FEATURE:1c_function_prototypes
    Feature record: C_FEATURE:0c_restrict
    Feature record: C_FEATURE:0c_static_assert
    Feature record: C_FEATURE:0c_variadic_macros
Determining if the CXX compiler works passed with the following output:
Change Dir: /home/bondarevivan/Github/task_1/CMakeFiles/CMakeTmp

Run Build Command:"/usr/bin/make" "cmTC_8fd7d/fast"
/usr/bin/make -f CMakeFiles/cmTC_8fd7d.dir/build.make CMakeFiles/cmTC_8fd7d.dir/build
make[1]: вход в каталог «/home/bondarevivan/Github/task_1/CMakeFiles/CMakeTmp»
Building CXX object CMakeFiles/cmTC_8fd7d.dir/testCXXCompiler.cxx.o
/usr/bin/c++     -o CMakeFiles/cmTC_8fd7d.dir/testCXXCompiler.cxx.o -c /home/bondarevivan/Github/task_1/CMakeFiles/CMakeTmp/testCXXCompiler.cxx
Linking CXX executable cmTC_8fd7d
/usr/bin/cmake -E cmake_link_script CMakeFiles/cmTC_8fd7d.dir/link.txt --verbose=1
/usr/bin/c++       -rdynamic CMakeFiles/cmTC_8fd7d.dir/testCXXCompiler.cxx.o  -o cmTC_8fd7d 
make[1]: выход из каталога «/home/bondarevivan/Github/task_1/CMakeFiles/CMakeTmp»


Detecting CXX compiler ABI info compiled with the following output:
Change Dir: /home/bondarevivan/Github/task_1/CMakeFiles/CMakeTmp

Run Build Command:"/usr/bin/make" "cmTC_bea9a/fast"
/usr/bin/make -f CMakeFiles/cmTC_bea9a.dir/build.make CMakeFiles/cmTC_bea9a.dir/build
make[1]: вход в каталог «/home/bondarevivan/Github/task_1/CMakeFiles/CMakeTmp»
Building CXX object CMakeFiles/cmTC_bea9a.dir/CMakeCXXCompilerABI.cpp.o
/usr/bin/c++     -o CMakeFiles/cmTC_bea9a.dir/CMakeCXXCompilerABI.cpp.o -c /usr/share/cmake-3.10/Modules/CMakeCXXCompilerABI.cpp
Linking CXX executable cmTC_bea9a
/usr/bin/cmake -E cmake_link_script CMakeFiles/cmTC_bea9a.dir/link.txt --verbose=1
/usr/bin/c++      -v -rdynamic CMakeFiles/cmTC_bea9a.dir/CMakeCXXCompilerABI.cpp.o  -o cmTC_bea9a 
Using built-in specs.
COLLECT_GCC=/usr/bin/c++
COLLECT_LTO_WRAPPER=/usr/lib/gcc/x86_64-linux-gnu/7/lto-wrapper
OFFLOAD_TARGET_NAMES=nvptx-none
OFFLOAD_TARGET_DEFAULT=1
Target: x86_64-linux-gnu
Configured with: ../src/configure -v --with-pkgversion='Ubuntu 7.5.0-3ubuntu1~18.04' --with-bugurl=file:///usr/share/doc/gcc-7/README.Bugs --enable-languages=c,ada,c++,go,brig,d,fortran,objc,obj-c++ --prefix=/usr --with-gcc-major-version-only --program-suffix=-7 --program-prefix=x86_64-linux-gnu- --enable-shared --enable-linker-build-id --libexecdir=/usr/lib --without-included-gettext --enable-threads=posix --libdir=/usr/lib --enable-nls --enable-bootstrap --enable-clocale=gnu --enable-libstdcxx-debug --enable-libstdcxx-time=yes --with-default-libstdcxx-abi=new --enable-gnu-unique-object --disable-vtable-verify --enable-libmpx --enable-plugin --enable-default-pie --with-system-zlib --with-target-system-zlib --enable-objc-gc=auto --enable-multiarch --disable-werror --with-arch-32=i686 --with-abi=m64 --with-multilib-list=m32,m64,mx32 --enable-multilib --with-tune=generic --enable-offload-targets=nvptx-none --without-cuda-driver --enable-checking=release --build=x86_64-linux-gnu --host=x86_64-linux-gnu --target=x86_64-linux-gnu
Thread model: posix
gcc version 7.5.0 (Ubuntu 7.5.0-3ubuntu1~18.04) 
COMPILER_PATH=/usr/lib/gcc/x86_64-linux-gnu/7/:/usr/lib/gcc/x86_64-linux-gnu/7/:/usr/lib/gcc/x86_64-linux-gnu/:/usr/lib/gcc/x86_64-linux-gnu/7/:/usr/lib/gcc/x86_64-linux-gnu/
LIBRARY_PATH=/usr/lib/gcc/x86_64-linux-gnu/7/:/usr/lib/gcc/x86_64-linux-gnu/7/../../../x86_64-linux-gnu/:/usr/lib/gcc/x86_64-linux-gnu/7/../../../../lib/:/lib/x86_64-linux-gnu/:/lib/../lib/:/usr/lib/x86_64-linux-gnu/:/usr/lib/../lib/:/usr/lib/gcc/x86_64-linux-gnu/7/../../../:/lib/:/usr/lib/
COLLECT_GCC_OPTIONS='-v' '-rdynamic' '-o' 'cmTC_bea9a' '-shared-libgcc' '-mtune=generic' '-march=x86-64'
 /usr/lib/gcc/x86_64-linux-gnu/7/collect2 -plugin /usr/lib/gcc/x86_64-linux-gnu/7/liblto_plugin.so -plugin-opt=/usr/lib/gcc/x86_64-linux-gnu/7/lto-wrapper -plugin-opt=-fresolution=/tmp/ccVgLXCX.res -plugin-opt=-pass-through=-lgcc_s -plugin-opt=-pass-through=-lgcc -plugin-opt=-pass-through=-lc -plugin-opt=-pass-through=-lgcc_s -plugin-opt=-pass-through=-lgcc --build-id --eh-frame-hdr -m elf_x86_64 --hash-style=gnu --as-needed -export-dynamic -dynamic-linker /lib64/ld-linux-x86-64.so.2 -pie -z now -z relro -o cmTC_bea9a /usr/lib/gcc/x86_64-linux-gnu/7/../../../x86_64-linux-gnu/Scrt1.o /usr/lib/gcc/x86_64-linux-gnu/7/../../../x86_64-linux-gnu/crti.o /usr/lib/gcc/x86_64-linux-gnu/7/crtbeginS.o -L/usr/lib/gcc/x86_64-linux-gnu/7 -L/usr/lib/gcc/x86_64-linux-gnu/7/../../../x86_64-linux-gnu -L/usr/lib/gcc/x86_64-linux-gnu/7/../../../../lib -L/lib/x86_64-linux-gnu -L/lib/../lib -L/usr/lib/x86_64-linux-gnu -L/usr/lib/../lib -L/usr/lib/gcc/x86_64-linux-gnu/7/../../.. CMakeFiles/cmTC_bea9a.dir/CMakeCXXCompilerABI.cpp.o -lstdc++ -lm -lgcc_s -lgcc -lc -lgcc_s -lgcc /usr/lib/gcc/x86_64-linux-gnu/7/crtendS.o /usr/lib/gcc/x86_64-linux-gnu/7/../../../x86_64-linux-gnu/crtn.o
COLLECT_GCC_OPTIONS='-v' '-rdynamic' '-o' 'cmTC_bea9a' '-shared-libgcc' '-mtune=generic' '-march=x86-64'
make[1]: выход из каталога «/home/bondarevivan/Github/task_1/CMakeFiles/CMakeTmp»


Parsed CXX implicit link information from above output:
  link line regex: [^( *|.*[/\])(ld|CMAKE_LINK_STARTFILE-NOTFOUND|([^/\]+-)?ld|collect2)[^/\]*( |$)]
  ignore line: [Change Dir: /home/bondarevivan/Github/task_1/CMakeFiles/CMakeTmp]
  ignore line: []
  ignore line: [Run Build Command:"/usr/bin/make" "cmTC_bea9a/fast"]
  ignore line: [/usr/bin/make -f CMakeFiles/cmTC_bea9a.dir/build.make CMakeFiles/cmTC_bea9a.dir/build]
  ignore line: [make[1]: вход в каталог «/home/bondarevivan/Github/task_1/CMakeFiles/CMakeTmp»]
  ignore line: [Building CXX object CMakeFiles/cmTC_bea9a.dir/CMakeCXXCompilerABI.cpp.o]
  ignore line: [/usr/bin/c++     -o CMakeFiles/cmTC_bea9a.dir/CMakeCXXCompilerABI.cpp.o -c /usr/share/cmake-3.10/Modules/CMakeCXXCompilerABI.cpp]
  ignore line: [Linking CXX executable cmTC_bea9a]
  ignore line: [/usr/bin/cmake -E cmake_link_script CMakeFiles/cmTC_bea9a.dir/link.txt --verbose=1]
  ignore line: [/usr/bin/c++      -v -rdynamic CMakeFiles/cmTC_bea9a.dir/CMakeCXXCompilerABI.cpp.o  -o cmTC_bea9a ]
  ignore line: [Using built-in specs.]
  ignore line: [COLLECT_GCC=/usr/bin/c++]
  ignore line: [COLLECT_LTO_WRAPPER=/usr/lib/gcc/x86_64-linux-gnu/7/lto-wrapper]
  ignore line: [OFFLOAD_TARGET_NAMES=nvptx-none]
  ignore line: [OFFLOAD_TARGET_DEFAULT=1]
  ignore line: [Target: x86_64-linux-gnu]
  ignore line: [Configured with: ../src/configure -v --with-pkgversion='Ubuntu 7.5.0-3ubuntu1~18.04' --with-bugurl=file:///usr/share/doc/gcc-7/README.Bugs --enable-languages=c,ada,c++,go,brig,d,fortran,objc,obj-c++ --prefix=/usr --with-gcc-major-version-only --program-suffix=-7 --program-prefix=x86_64-linux-gnu- --enable-shared --enable-linker-build-id --libexecdir=/usr/lib --without-included-gettext --enable-threads=posix --libdir=/usr/lib --enable-nls --enable-bootstrap --enable-clocale=gnu --enable-libstdcxx-debug --enable-libstdcxx-time=yes --with-default-libstdcxx-abi=new --enable-gnu-unique-object --disable-vtable-verify --enable-libmpx --enable-plugin --enable-default-pie --with-system-zlib --with-target-system-zlib --enable-objc-gc=auto --enable-multiarch --disable-werror --with-arch-32=i686 --with-abi=m64 --with-multilib-list=m32,m64,mx32 --enable-multilib --with-tune=generic --enable-offload-targets=nvptx-none --without-cuda-driver --enable-checking=release --build=x86_64-linux-gnu --host=x86_64-linux-gnu --target=x86_64-linux-gnu]
  ignore line: [Thread model: posix]
  ignore line: [gcc version 7.5.0 (Ubuntu 7.5.0-3ubuntu1~18.04) ]
  ignore line: [COMPILER_PATH=/usr/lib/gcc/x86_64-linux-gnu/7/:/usr/lib/gcc/x86_64-linux-gnu/7/:/usr/lib/gcc/x86_64-linux-gnu/:/usr/lib/gcc/x86_64-linux-gnu/7/:/usr/lib/gcc/x86_64-linux-gnu/]
  ignore line: [LIBRARY_PATH=/usr/lib/gcc/x86_64-linux-gnu/7/:/usr/lib/gcc/x86_64-linux-gnu/7/../../../x86_64-linux-gnu/:/usr/lib/gcc/x86_64-linux-gnu/7/../../../../lib/:/lib/x86_64-linux-gnu/:/lib/../lib/:/usr/lib/x86_64-linux-gnu/:/usr/lib/../lib/:/usr/lib/gcc/x86_64-linux-gnu/7/../../../:/lib/:/usr/lib/]
  ignore line: [COLLECT_GCC_OPTIONS='-v' '-rdynamic' '-o' 'cmTC_bea9a' '-shared-libgcc' '-mtune=generic' '-march=x86-64']
  link line: [ /usr/lib/gcc/x86_64-linux-gnu/7/collect2 -plugin /usr/lib/gcc/x86_64-linux-gnu/7/liblto_plugin.so -plugin-opt=/usr/lib/gcc/x86_64-linux-gnu/7/lto-wrapper -plugin-opt=-fresolution=/tmp/ccVgLXCX.res -plugin-opt=-pass-through=-lgcc_s -plugin-opt=-pass-through=-lgcc -plugin-opt=-pass-through=-lc -plugin-opt=-pass-through=-lgcc_s -plugin-opt=-pass-through=-lgcc --build-id --eh-frame-hdr -m elf_x86_64 --hash-style=gnu --as-needed -export-dynamic -dynamic-linker /lib64/ld-linux-x86-64.so.2 -pie -z now -z relro -o cmTC_bea9a /usr/lib/gcc/x86_64-linux-gnu/7/../../../x86_64-linux-gnu/Scrt1.o /usr/lib/gcc/x86_64-linux-gnu/7/../../../x86_64-linux-gnu/crti.o /usr/lib/gcc/x86_64-linux-gnu/7/crtbeginS.o -L/usr/lib/gcc/x86_64-linux-gnu/7 -L/usr/lib/gcc/x86_64-linux-gnu/7/../../../x86_64-linux-gnu -L/usr/lib/gcc/x86_64-linux-gnu/7/../../../../lib -L/lib/x86_64-linux-gnu -L/lib/../lib -L/usr/lib/x86_64-linux-gnu -L/usr/lib/../lib -L/usr/lib/gcc/x86_64-linux-gnu/7/../../.. CMakeFiles/cmTC_bea9a.dir/CMakeCXXCompilerABI.cpp.o -lstdc++ -lm -lgcc_s -lgcc -lc -lgcc_s -lgcc /usr/lib/gcc/x86_64-linux-gnu/7/crtendS.o /usr/lib/gcc/x86_64-linux-gnu/7/../../../x86_64-linux-gnu/crtn.o]
    arg [/usr/lib/gcc/x86_64-linux-gnu/7/collect2] ==> ignore
    arg [-plugin] ==> ignore
    arg [/usr/lib/gcc/x86_64-linux-gnu/7/liblto_plugin.so] ==> ignore
    arg [-plugin-opt=/usr/lib/gcc/x86_64-linux-gnu/7/lto-wrapper] ==> ignore
    arg [-plugin-opt=-fresolution=/tmp/ccVgLXCX.res] ==> ignore
    arg [-plugin-opt=-pass-through=-lgcc_s] ==> ignore
    arg [-plugin-opt=-pass-through=-lgcc] ==> ignore
    arg [-plugin-opt=-pass-through=-lc] ==> ignore
    arg [-plugin-opt=-pass-through=-lgcc_s] ==> ignore
    arg [-plugin-opt=-pass-through=-lgcc] ==> ignore
    arg [--build-id] ==> ignore
    arg [--eh-frame-hdr] ==> ignore
    arg [-m] ==> ignore
    arg [elf_x86_64] ==> ignore
    arg [--hash-style=gnu] ==> ignore
    arg [--as-needed] ==> ignore
    arg [-export-dynamic] ==> ignore
    arg [-dynamic-linker] ==> ignore
    arg [/lib64/ld-linux-x86-64.so.2] ==> ignore
    arg [-pie] ==> ignore
    arg [-znow] ==> ignore
    arg [-zrelro] ==> ignore
    arg [-o] ==> ignore
    arg [cmTC_bea9a] ==> ignore
    arg [/usr/lib/gcc/x86_64-linux-gnu/7/../../../x86_64-linux-gnu/Scrt1.o] ==> ignore
    arg [/usr/lib/gcc/x86_64-linux-gnu/7/../../../x86_64-linux-gnu/crti.o] ==> ignore
    arg [/usr/lib/gcc/x86_64-linux-gnu/7/crtbeginS.o] ==> ignore
    arg [-L/usr/lib/gcc/x86_64-linux-gnu/7] ==> dir [/usr/lib/gcc/x86_64-linux-gnu/7]
    arg [-L/usr/lib/gcc/x86_64-linux-gnu/7/../../../x86_64-linux-gnu] ==> dir [/usr/lib/gcc/x86_64-linux-gnu/7/../../../x86_64-linux-gnu]
    arg [-L/usr/lib/gcc/x86_64-linux-gnu/7/../../../../lib] ==> dir [/usr/lib/gcc/x86_64-linux-gnu/7/../../../../lib]
    arg [-L/lib/x86_64-linux-gnu] ==> dir [/lib/x86_64-linux-gnu]
    arg [-L/lib/../lib] ==> dir [/lib/../lib]
    arg [-L/usr/lib/x86_64-linux-gnu] ==> dir [/usr/lib/x86_64-linux-gnu]
    arg [-L/usr/lib/../lib] ==> dir [/usr/lib/../lib]
    arg [-L/usr/lib/gcc/x86_64-linux-gnu/7/../../..] ==> dir [/usr/lib/gcc/x86_64-linux-gnu/7/../../..]
    arg [CMakeFiles/cmTC_bea9a.dir/CMakeCXXCompilerABI.cpp.o] ==> ignore
    arg [-lstdc++] ==> lib [stdc++]
    arg [-lm] ==> lib [m]
    arg [-lgcc_s] ==> lib [gcc_s]
    arg [-lgcc] ==> lib [gcc]
    arg [-lc] ==> lib [c]
    arg [-lgcc_s] ==> lib [gcc_s]
    arg [-lgcc] ==> lib [gcc]
    arg [/usr/lib/gcc/x86_64-linux-gnu/7/crtendS.o] ==> ignore
    arg [/usr/lib/gcc/x86_64-linux-gnu/7/../../../x86_64-linux-gnu/crtn.o] ==> ignore
  collapse library dir [/usr/lib/gcc/x86_64-linux-gnu/7] ==> [/usr/lib/gcc/x86_64-linux-gnu/7]
  collapse library dir [/usr/lib/gcc/x86_64-linux-gnu/7/../../../x86_64-linux-gnu] ==> [/usr/lib/x86_64-linux-gnu]
  collapse library dir [/usr/lib/gcc/x86_64-linux-gnu/7/../../../../lib] ==> [/usr/lib]
  collapse library dir [/lib/x86_64-linux-gnu] ==> [/lib/x86_64-linux-gnu]
  collapse library dir [/lib/../lib] ==> [/lib]
  collapse library dir [/usr/lib/x86_64-linux-gnu] ==> [/usr/lib/x86_64-linux-gnu]
  collapse library dir [/usr/lib/../lib] ==> [/usr/lib]
  collapse library dir [/usr/lib/gcc/x86_64-linux-gnu/7/../../..] ==> [/usr/lib]
  implicit libs: [stdc++;m;gcc_s;gcc;c;gcc_s;gcc]
  implicit dirs: [/usr/lib/gcc/x86_64-linux-gnu/7;/usr/lib/x86_64-linux-gnu;/usr/lib;/lib/x86_64-linux-gnu;/lib]
  implicit fwks: []




Detecting CXX [-std=c++1z] compiler features compiled with the following output:
Change Dir: /home/bondarevivan/Github/task_1/CMakeFiles/CMakeTmp

Run Build Command:"/usr/bin/make" "cmTC_c2fe8/fast"
/usr/bin/make -f CMakeFiles/cmTC_c2fe8.dir/build.make CMakeFiles/cmTC_c2fe8.dir/build
make[1]: вход в каталог «/home/bondarevivan/Github/task_1/CMakeFiles/CMakeTmp»
Building CXX object CMakeFiles/cmTC_c2fe8.dir/feature_tests.cxx.o
/usr/bin/c++    -std=c++1z -o CMakeFiles/cmTC_c2fe8.dir/feature_tests.cxx.o -c /home/bondarevivan/Github/task_1/CMakeFiles/feature_tests.cxx
Linking CXX executable cmTC_c2fe8
/usr/bin/cmake -E cmake_link_script CMakeFiles/cmTC_c2fe8.dir/link.txt --verbose=1
/usr/bin/c++       -rdynamic CMakeFiles/cmTC_c2fe8.dir/feature_tests.cxx.o  -o cmTC_c2fe8 
make[1]: выход из каталога «/home/bondarevivan/Github/task_1/CMakeFiles/CMakeTmp»


    Feature record: CXX_FEATURE:1cxx_aggregate_default_initializers
    Feature record: CXX_FEATURE:1cxx_alias_templates
    Feature record: CXX_FEATURE:1cxx_alignas
    Feature record: CXX_FEATURE:1cxx_alignof
    Feature record: CXX_FEATURE:1cxx_attributes
    Feature record: CXX_FEATURE:1cxx_attribute_deprecated
    Feature record: CXX_FEATURE:1cxx_auto_type
    Feature record: CXX_FEATURE:1cxx_binary_literals
    Feature record: CXX_FEATURE:1cxx_constexpr
    Feature record: CXX_FEATURE:1cxx_contextual_conversions
    Feature record: CXX_FEATURE:1cxx_decltype
    Feature record: CXX_FEATURE:1cxx_decltype_auto
    Feature record: CXX_FEATURE:1cxx_decltype_incomplete_return_types
    Feature record: CXX_FEATURE:1cxx_default_function_template_args
    Feature record: CXX_FEATURE:1cxx_defaulted_functions
    Feature record: CXX_FEATURE:1cxx_defaulted_move_initializers
    Feature record: CXX_FEATURE:1cxx_delegating_constructors
    Feature record: CXX_FEATURE:1cxx_deleted_functions
    Feature record: CXX_FEATURE:1cxx_digit_separators
    Feature record: CXX_FEATURE:1cxx_enum_forward_declarations
    Feature record: CXX_FEATURE:1cxx_explicit_conversions
    Feature record: CXX_FEATURE:1cxx_extended_friend_declarations
    Feature record: CXX_FEATURE:1cxx_extern_templates
    Feature record: CXX_FEATURE:1cxx_final
    Feature record: CXX_FEATURE:1cxx_func_identifier
    Feature record: CXX_FEATURE:1cxx_generalized_initializers
    Feature record: CXX_FEATURE:1cxx_generic_lambdas
    Feature record: CXX_FEATURE:1cxx_inheriting_constructors
    Feature record: CXX_FEATURE:1cxx_inline_namespaces
    Feature record: CXX_FEATURE:1cxx_lambdas
    Feature record: CXX_FEATURE:1cxx_lambda_init_captures
    Feature record: CXX_FEATURE:1cxx_local_type_template_args
    Feature record: CXX_FEATURE:1cxx_long_long_type
    Feature record: CXX_FEATURE:1cxx_noexcept
    Feature record: CXX_FEATURE:1cxx_nonstatic_member_init
    Feature record: CXX_FEATURE:1cxx_nullptr
    Feature record: CXX_FEATURE:1cxx_override
    Feature record: CXX_FEATURE:1cxx_range_for
    Feature record: CXX_FEATURE:1cxx_raw_string_literals
    Feature record: CXX_FEATURE:1cxx_reference_qualified_functions
    Feature record: CXX_FEATURE:1cxx_relaxed_constexpr
    Feature record: CXX_FEATURE:1cxx_return_type_deduction
    Feature record: CXX_FEATURE:1cxx_right_angle_brackets
    Feature record: CXX_FEATURE:1cxx_rvalue_references
    Feature record: CXX_FEATURE:1cxx_sizeof_member
    Feature record: CXX_FEATURE:1cxx_static_assert
    Feature record: CXX_FEATURE:1cxx_strong_enums
    Feature record: CXX_FEATURE:1cxx_template_template_parameters
    Feature record: CXX_FEATURE:1cxx_thread_local
    Feature record: CXX_FEATURE:1cxx_trailing_return_types
    Feature record: CXX_FEATURE:1cxx_unicode_literals
    Feature record: CXX_FEATURE:1cxx_uniform_initialization
    Feature record: CXX_FEATURE:1cxx_unrestricted_unions
    Feature record: CXX_FEATURE:1cxx_user_literals
    Feature record: CXX_FEATURE:1cxx_variable_templates
    Feature record: CXX_FEATURE:1cxx_variadic_macros
    Feature record: CXX_FEATURE:1cxx_variadic_templates


Detecting CXX [-std=c++14] compiler features compiled with the following output:
Change Dir: /home/bondarevivan/Github/task_1/CMakeFiles/CMakeTmp

Run Build Command:"/usr/bin/make" "cmTC_ae92b/fast"
/usr/bin/make -f CMakeFiles/cmTC_ae92b.dir/build.make CMakeFiles/cmTC_ae92b.dir/build
make[1]: вход в каталог «/home/bondarevivan/Github/task_1/CMakeFiles/CMakeTmp»
Building CXX object CMakeFiles/cmTC_ae92b.dir/feature_tests.cxx.o
/usr/bin/c++    -std=c++14 -o CMakeFiles/cmTC_ae92b.dir/feature_tests.cxx.o -c /home/bondarevivan/Github/task_1/CMakeFiles/feature_tests.cxx
Linking CXX executable cmTC_ae92b
/usr/bin/cmake -E cmake_link_script CMakeFiles/cmTC_ae92b.dir/link.txt --verbose=1
/usr/bin/c++       -rdynamic CMakeFiles/cmTC_ae92b.dir/feature_tests.cxx.o  -o cmTC_ae92b 
make[1]: выход из каталога «/home/bondarevivan/Github/task_1/CMakeFiles/CMakeTmp»


    Feature record: CXX_FEATURE:1cxx_aggregate_default_initializers
    Feature record: CXX_FEATURE:1cxx_alias_templates
    Feature record: CXX_FEATURE:1cxx_alignas
    Feature record: CXX_FEATURE:1cxx_alignof
    Feature record: CXX_FEATURE:1cxx_attributes
    Feature record: CXX_FEATURE:1cxx_attribute_deprecated
    Feature record: CXX_FEATURE:1cxx_auto_type
    Feature record: CXX_FEATURE:1cxx_binary_literals
    Feature record: CXX_FEATURE:1cxx_constexpr
    Feature record: CXX_FEATURE:1cxx_contextual_conversions
    Feature record: CXX_FEATURE:1cxx_decltype
    Feature record: CXX_FEATURE:1cxx_decltype_auto
    Feature record: CXX_FEATURE:1cxx_decltype_incomplete_return_types
    Feature record: CXX_FEATURE:1cxx_default_function_template_args
    Feature record: CXX_FEATURE:1cxx_defaulted_functions
    Feature record: CXX_FEATURE:1cxx_defaulted_move_initializers
    Feature record: CXX_FEATURE:1cxx_delegating_constructors
    Feature record: CXX_FEATURE:1cxx_deleted_functions
    Feature record: CXX_FEATURE:1cxx_digit_separators
    Feature record: CXX_FEATURE:1cxx_enum_forward_declarations
    Feature record: CXX_FEATURE:1cxx_explicit_conversions
    Feature record: CXX_FEATURE:1cxx_extended_friend_declarations
    Feature record: CXX_FEATURE:1cxx_extern_templates
    Feature record: CXX_FEATURE:1cxx_final
    Feature record: CXX_FEATURE:1cxx_func_identifier
    Feature record: CXX_FEATURE:1cxx_generalized_initializers
    Feature record: CXX_FEATURE:1cxx_generic_lambdas
    Feature record: CXX_FEATURE:1cxx_inheriting_constructors
    Feature record: CXX_FEATURE:1cxx_inline_namespaces
    Feature record: CXX_FEATURE:1cxx_lambdas
    Feature record: CXX_FEATURE:1cxx_lambda_init_captures
    Feature record: CXX_FEATURE:1cxx_local_type_template_args
    Feature record: CXX_FEATURE:1cxx_long_long_type
    Feature record: CXX_FEATURE:1cxx_noexcept
    Feature record: CXX_FEATURE:1cxx_nonstatic_member_init
    Feature record: CXX_FEATURE:1cxx_nullptr
    Feature record: CXX_FEATURE:1cxx_override
    Feature record: CXX_FEATURE:1cxx_range_for
    Feature record: CXX_FEATURE:1cxx_raw_string_literals
    Feature record: CXX_FEATURE:1cxx_reference_qualified_functions
    Feature record: CXX_FEATURE:1cxx_relaxed_constexpr
    Feature record: CXX_FEATURE:1cxx_return_type_deduction
    Feature record: CXX_FEATURE:1cxx_right_angle_brackets
    Feature record: CXX_FEATURE:1cxx_rvalue_references
    Feature record: CXX_FEATURE:1cxx_sizeof_member
    Feature record: CXX_FEATURE:1cxx_static_assert
    Feature record: CXX_FEATURE:1cxx_strong_enums
    Feature record: CXX_FEATURE:1cxx_template_template_parameters
    Feature record: CXX_FEATURE:1cxx_thread_local
    Feature record: CXX_FEATURE:1cxx_trailing_return_types
    Feature record: CXX_FEATURE:1cxx_unicode_literals
    Feature record: CXX_FEATURE:1cxx_uniform_initialization
    Feature record: CXX_FEATURE:1cxx_unrestricted_unions
    Feature record: CXX_FEATURE:1cxx_user_literals
    Feature record: CXX_FEATURE:1cxx_variable_templates
    Feature record: CXX_FEATURE:1cxx_variadic_macros
    Feature record: CXX_FEATURE:1cxx_variadic_templates


Detecting CXX [-std=c++11] compiler features compiled with the following output:
Change Dir: /home/bondarevivan/Github/task_1/CMakeFiles/CMakeTmp

Run Build Command:"/usr/bin/make" "cmTC_92397/fast"
/usr/bin/make -f CMakeFiles/cmTC_92397.dir/build.make CMakeFiles/cmTC_92397.dir/build
make[1]: вход в каталог «/home/bondarevivan/Github/task_1/CMakeFiles/CMakeTmp»
Building CXX object CMakeFiles/cmTC_92397.dir/feature_tests.cxx.o
/usr/bin/c++    -std=c++11 -o CMakeFiles/cmTC_92397.dir/feature_tests.cxx.o -c /home/bondarevivan/Github/task_1/CMakeFiles/feature_tests.cxx
Linking CXX executable cmTC_92397
/usr/bin/cmake -E cmake_link_script CMakeFiles/cmTC_92397.dir/link.txt --verbose=1
/usr/bin/c++       -rdynamic CMakeFiles/cmTC_92397.dir/feature_tests.cxx.o  -o cmTC_92397 
make[1]: выход из каталога «/home/bondarevivan/Github/task_1/CMakeFiles/CMakeTmp»


    Feature record: CXX_FEATURE:0cxx_aggregate_default_initializers
    Feature record: CXX_FEATURE:1cxx_alias_templates
    Feature record: CXX_FEATURE:1cxx_alignas
    Feature record: CXX_FEATURE:1cxx_alignof
    Feature record: CXX_FEATURE:1cxx_attributes
    Feature record: CXX_FEATURE:0cxx_attribute_deprecated
    Feature record: CXX_FEATURE:1cxx_auto_type
    Feature record: CXX_FEATURE:0cxx_binary_literals
    Feature record: CXX_FEATURE:1cxx_constexpr
    Feature record: CXX_FEATURE:0cxx_contextual_conversions
    Feature record: CXX_FEATURE:1cxx_decltype
    Feature record: CXX_FEATURE:0cxx_decltype_auto
    Feature record: CXX_FEATURE:1cxx_decltype_incomplete_return_types
    Feature record: CXX_FEATURE:1cxx_default_function_template_args
    Feature record: CXX_FEATURE:1cxx_defaulted_functions
    Feature record: CXX_FEATURE:1cxx_defaulted_move_initializers
    Feature record: CXX_FEATURE:1cxx_delegating_constructors
    Feature record: CXX_FEATURE:1cxx_deleted_functions
    Feature record: CXX_FEATURE:0cxx_digit_separators
    Feature record: CXX_FEATURE:1cxx_enum_forward_declarations
    Feature record: CXX_FEATURE:1cxx_explicit_conversions
    Feature record: CXX_FEATURE:1cxx_extended_friend_declarations
    Feature record: CXX_FEATURE:1cxx_extern_templates
    Feature record: CXX_FEATURE:1cxx_final
    Feature record: CXX_FEATURE:1cxx_func_identifier
    Feature record: CXX_FEATURE:1cxx_generalized_initializers
    Feature record: CXX_FEATURE:0cxx_generic_lambdas
    Feature record: CXX_FEATURE:1cxx_inheriting_constructors
    Feature record: CXX_FEATURE:1cxx_inline_namespaces
    Feature record: CXX_FEATURE:1cxx_lambdas
    Feature record: CXX_FEATURE:0cxx_lambda_init_captures
    Feature record: CXX_FEATURE:1cxx_local_type_template_args
    Feature record: CXX_FEATURE:1cxx_long_long_type
    Feature record: CXX_FEATURE:1cxx_noexcept
    Feature record: CXX_FEATURE:1cxx_nonstatic_member_init
    Feature record: CXX_FEATURE:1cxx_nullptr
    Feature record: CXX_FEATURE:1cxx_override
    Feature record: CXX_FEATURE:1cxx_range_for
    Feature record: CXX_FEATURE:1cxx_raw_string_literals
    Feature record: CXX_FEATURE:1cxx_reference_qualified_functions
    Feature record: CXX_FEATURE:0cxx_relaxed_constexpr
    Feature record: CXX_FEATURE:0cxx_return_type_deduction
    Feature record: CXX_FEATURE:1cxx_right_angle_brackets
    Feature record: CXX_FEATURE:1cxx_rvalue_references
    Feature record: CXX_FEATURE:1cxx_sizeof_member
    Feature record: CXX_FEATURE:1cxx_static_assert
    Feature record: CXX_FEATURE:1cxx_strong_enums
    Feature record: CXX_FEATURE:1cxx_template_template_parameters
    Feature record: CXX_FEATURE:1cxx_thread_local
    Feature record: CXX_FEATURE:1cxx_trailing_return_types
    Feature record: CXX_FEATURE:1cxx_unicode_literals
    Feature record: CXX_FEATURE:1cxx_uniform_initialization
    Feature record: CXX_FEATURE:1cxx_unrestricted_unions
    Feature record: CXX_FEATURE:1cxx_user_literals
    Feature record: CXX_FEATURE:0cxx_variable_templates
    Feature record: CXX_FEATURE:1cxx_variadic_macros
    Feature record: CXX_FEATURE:1cxx_variadic_templates


Detecting CXX [-std=c++98] compiler features compiled with the following output:
Change Dir: /home/bondarevivan/Github/task_1/CMakeFiles/CMakeTmp

Run Build Command:"/usr/bin/make" "cmTC_0e962/fast"
/usr/bin/make -f CMakeFiles/cmTC_0e962.dir/build.make CMakeFiles/cmTC_0e962.dir/build
make[1]: вход в каталог «/home/bondarevivan/Github/task_1/CMakeFiles/CMakeTmp»
Building CXX object CMakeFiles/cmTC_0e962.dir/feature_tests.cxx.o
/usr/bin/c++    -std=c++98 -o CMakeFiles/cmTC_0e962.dir/feature_tests.cxx.o -c /home/bondarevivan/Github/task_1/CMakeFiles/feature_tests.cxx
Linking CXX executable cmTC_0e962
/usr/bin/cmake -E cmake_link_script CMakeFiles/cmTC_0e962.dir/link.txt --verbose=1
/usr/bin/c++       -rdynamic CMakeFiles/cmTC_0e962.dir/feature_tests.cxx.o  -o cmTC_0e962 
make[1]: выход из каталога «/home/bondarevivan/Github/task_1/CMakeFiles/CMakeTmp»


    Feature record: CXX_FEATURE:0cxx_aggregate_default_initializers
    Feature record: CXX_FEATURE:0cxx_alias_templates
    Feature record: CXX_FEATURE:0cxx_alignas
    Feature record: CXX_FEATURE:0cxx_alignof
    Feature record: CXX_FEATURE:0cxx_attributes
    Feature record: CXX_FEATURE:0cxx_attribute_deprecated
    Feature record: CXX_FEATURE:0cxx_auto_type
    Feature record: CXX_FEATURE:0cxx_binary_literals
    Feature record: CXX_FEATURE:0cxx_constexpr
    Feature record: CXX_FEATURE:0cxx_contextual_conversions
    Feature record: CXX_FEATURE:0cxx_decltype
    Feature record: CXX_FEATURE:0cxx_decltype_auto
    Feature record: CXX_FEATURE:0cxx_decltype_incomplete_return_types
    Feature record: CXX_FEATURE:0cxx_default_function_template_args
    Feature record: CXX_FEATURE:0cxx_defaulted_functions
    Feature record: CXX_FEATURE:0cxx_defaulted_move_initializers
    Feature record: CXX_FEATURE:0cxx_delegating_constructors
    Feature record: CXX_FEATURE:0cxx_deleted_functions
    Feature record: CXX_FEATURE:0cxx_digit_separators
    Feature record: CXX_FEATURE:0cxx_enum_forward_declarations
    Feature record: CXX_FEATURE:0cxx_explicit_conversions
    Feature record: CXX_FEATURE:0cxx_extended_friend_declarations
    Feature record: CXX_FEATURE:0cxx_extern_templates
    Feature record: CXX_FEATURE:0cxx_final
    Feature record: CXX_FEATURE:0cxx_func_identifier
    Feature record: CXX_FEATURE:0cxx_generalized_initializers
    Feature record: CXX_FEATURE:0cxx_generic_lambdas
    Feature record: CXX_FEATURE:0cxx_inheriting_constructors
    Feature record: CXX_FEATURE:0cxx_inline_namespaces
    Feature record: CXX_FEATURE:0cxx_lambdas
    Feature record: CXX_FEATURE:0cxx_lambda_init_captures
    Feature record: CXX_FEATURE:0cxx_local_type_template_args
    Feature record: CXX_FEATURE:0cxx_long_long_type
    Feature record: CXX_FEATURE:0cxx_noexcept
    Feature record: CXX_FEATURE:0cxx_nonstatic_member_init
    Feature record: CXX_FEATURE:0cxx_nullptr
    Feature record: CXX_FEATURE:0cxx_override
    Feature record: CXX_FEATURE:0cxx_range_for
    Feature record: CXX_FEATURE:0cxx_raw_string_literals
    Feature record: CXX_FEATURE:0cxx_reference_qualified_functions
    Feature record: CXX_FEATURE:0cxx_relaxed_constexpr
    Feature record: CXX_FEATURE:0cxx_return_type_deduction
    Feature record: CXX_FEATURE:0cxx_right_angle_brackets
    Feature record: CXX_FEATURE:0cxx_rvalue_references
    Feature record: CXX_FEATURE:0cxx_sizeof_member
    Feature record: CXX_FEATURE:0cxx_static_assert
    Feature record: CXX_FEATURE:0cxx_strong_enums
    Feature record: CXX_FEATURE:1cxx_template_template_parameters
    Feature record: CXX_FEATURE:0cxx_thread_local
    Feature record: CXX_FEATURE:0cxx_trailing_return_types
    Feature record: CXX_FEATURE:0cxx_unicode_literals
    Feature record: CXX_FEATURE:0cxx_uniform_initialization
    Feature record: CXX_FEATURE:0cxx_unrestricted_unions
    Feature record: CXX_FEATURE:0cxx_user_literals
    Feature record: CXX_FEATURE:0cxx_variable_templates
    Feature record: CXX_FEATURE:0cxx_variadic_macros
    Feature record: CXX_FEATURE:0cxx_variadic_templates
Performing C++ SOURCE FILE Test flag_supported succeeded with the following output:
Change Dir: /home/bondarevivan/Github/task_1/CMakeFiles/CMakeTmp

Run Build Command:"/usr/bin/make" "cmTC_d6ae4/fast"
/usr/bin/make -f CMakeFiles/cmTC_d6ae4.dir/build.make CMakeFiles/cmTC_d6ae4.dir/build
make[1]: Entering directory '/home/bondarevivan/Github/task_1/CMakeFiles/CMakeTmp'
Building CXX object CMakeFiles/cmTC_d6ae4.dir/src.cxx.o
/usr/bin/c++    -Dflag_supported   -Wall -o CMakeFiles/cmTC_d6ae4.dir/src.cxx.o -c /home/bondarevivan/Github/task_1/CMakeFiles/CMakeTmp/src.cxx
Linking CXX executable cmTC_d6ae4
/usr/bin/cmake -E cmake_link_script CMakeFiles/cmTC_d6ae4.dir/link.txt --verbose=1
/usr/bin/c++   -Dflag_supported    -rdynamic CMakeFiles/cmTC_d6ae4.dir/src.cxx.o  -o cmTC_d6ae4 
make[1]: Leaving directory '/home/bondarevivan/Github/task_1/CMakeFiles/CMakeTmp'

Source file was:
int main() { return 0; }
Performing C++ SOURCE FILE Test flag_supported succeeded with the following output:
Change Dir: /home/bondarevivan/Github/task_1/CMakeFiles/CMakeTmp

Run Build Command:"/usr/bin/make" "cmTC_fd3f1/fast"
/usr/bin/make -f CMakeFiles/cmTC_fd3f1.dir/build.make CMakeFiles/cmTC_fd3f1.dir/build
make[1]: Entering directory '/home/bondarevivan/Github/task_1/CMakeFiles/CMakeTmp'
Building CXX object CMakeFiles/cmTC_fd3f1.dir/src.cxx.o
/usr/bin/c++    -Wall -Dflag_supported   -Wextra -o CMakeFiles/cmTC_fd3f1.dir/src.cxx.o -c /home/bondarevivan/Github/task_1/CMakeFiles/CMakeTmp/src.cxx
Linking CXX executable cmTC_fd3f1
/usr/bin/cmake -E cmake_link_script CMakeFiles/cmTC_fd3f1.dir/link.txt --verbose=1
/usr/bin/c++   -Wall -Dflag_supported    -rdynamic CMakeFiles/cmTC_fd3f1.dir/src.cxx.o  -o cmTC_fd3f1 
make[1]: Leaving directory '/home/bondarevivan/Github/task_1/CMakeFiles/CMakeTmp'

Source file was:
int main() { return 0; }
Performing C++ SOURCE FILE Test flag_supported succeeded with the following output:
Change Dir: /home/bondarevivan/Github/task_1/CMakeFiles/CMakeTmp

Run Build Command:"/usr/bin/make" "cmTC_f948a/fast"
/usr/bin/make -f CMakeFiles/cmTC_f948a.dir/build.make CMakeFiles/cmTC_f948a.dir/build
make[1]: Entering directory '/home/bondarevivan/Github/task_1/CMakeFiles/CMakeTmp'
Building CXX object CMakeFiles/cmTC_f948a.dir/src.cxx.o
/usr/bin/c++    -Wall -Wextra -Dflag_supported   -pedantic -o CMakeFiles/cmTC_f948a.dir/src.cxx.o -c /home/bondarevivan/Github/task_1/CMakeFiles/CMakeTmp/src.cxx
Linking CXX executable cmTC_f948a
/usr/bin/cmake -E cmake_link_script CMakeFiles/cmTC_f948a.dir/link.txt --verbose=1
/usr/bin/c++   -Wall -Wextra -Dflag_supported    -rdynamic CMakeFiles/cmTC_f948a.dir/src.cxx.o  -o cmTC_f948a 
make[1]: Leaving directory '/home/bondarevivan/Github/task_1/CMakeFiles/CMakeTmp'

Source file was:
int main() { return 0; }
Performing C++ SOURCE FILE Test flag_supported succeeded with the following output:
Change Dir: /home/bondarevivan/Github/task_1/CMakeFiles/CMakeTmp

Run Build Command:"/usr/bin/make" "cmTC_8ee3c/fast"
/usr/bin/make -f CMakeFiles/cmTC_8ee3c.dir/build.make CMakeFiles/cmTC_8ee3c.dir/build
make[1]: Entering directory '/home/bondarevivan/Github/task_1/CMakeFiles/CMakeTmp'
Building CXX object CMakeFiles/cmTC_8ee3c.dir/src.cxx.o
/usr/bin/c++    -Wall -Wextra -pedantic -Dflag_supported   -std=c++11 -o CMakeFiles/cmTC_8ee3c.dir/src.cxx.o -c /home/bondarevivan/Github/task_1/CMakeFiles/CMakeTmp/src.cxx
Linking CXX executable cmTC_8ee3c
/usr/bin/cmake -E cmake_link_script CMakeFiles/cmTC_8ee3c.dir/link.txt --verbose=1
/usr/bin/c++   -Wall -Wextra -pedantic -Dflag_supported    -rdynamic CMakeFiles/cmTC_8ee3c.dir/src.cxx.o  -o cmTC_8ee3c 
make[1]: Leaving directory '/home/bondarevivan/Github/task_1/CMakeFiles/CMakeTmp'

Source file was:
int main() { return 0; }
Performing C++ SOURCE FILE Test flag_supported succeeded with the following output:
Change Dir: /home/bondarevivan/Github/task_1/CMakeFiles/CMakeTmp

Run Build Command:"/usr/bin/make" "cmTC_e81ad/fast"
/usr/bin/make -f CMakeFiles/cmTC_e81ad.dir/build.make CMakeFiles/cmTC_e81ad.dir/build
make[1]: Entering directory '/home/bondarevivan/Github/task_1/CMakeFiles/CMakeTmp'
Building CXX object CMakeFiles/cmTC_e81ad.dir/src.cxx.o
/usr/bin/c++    -Wall -Wextra -pedantic -std=c++11 -Dflag_supported   -O3 -o CMakeFiles/cmTC_e81ad.dir/src.cxx.o -c /home/bondarevivan/Github/task_1/CMakeFiles/CMakeTmp/src.cxx
Linking CXX executable cmTC_e81ad
/usr/bin/cmake -E cmake_link_script CMakeFiles/cmTC_e81ad.dir/link.txt --verbose=1
/usr/bin/c++   -Wall -Wextra -pedantic -std=c++11 -Dflag_supported    -rdynamic CMakeFiles/cmTC_e81ad.dir/src.cxx.o  -o cmTC_e81ad 
make[1]: Leaving directory '/home/bondarevivan/Github/task_1/CMakeFiles/CMakeTmp'

Source file was:
int main() { return 0; }
Performing C++ SOURCE FILE Test flag_supported succeeded with the following output:
Change Dir: /home/bondarevivan/Github/task_1/CMakeFiles/CMakeTmp

Run Build Command:"/usr/bin/make" "cmTC_fc8be/fast"
/usr/bin/make -f CMakeFiles/cmTC_fc8be.dir/build.make CMakeFiles/cmTC_fc8be.dir/build
make[1]: Entering directory '/home/bondarevivan/Github/task_1/CMakeFiles/CMakeTmp'
Building CXX object CMakeFiles/cmTC_fc8be.dir/src.cxx.o
/usr/bin/c++    -Wall -Wextra -pedantic -std=c++11 -O3 -Dflag_supported   -fopenmp -o CMakeFiles/cmTC_fc8be.dir/src.cxx.o -c /home/bondarevivan/Github/task_1/CMakeFiles/CMakeTmp/src.cxx
Linking CXX executable cmTC_fc8be
/usr/bin/cmake -E cmake_link_script CMakeFiles/cmTC_fc8be.dir/link.txt --verbose=1
/usr/bin/c++   -Wall -Wextra -pedantic -std=c++11 -O3 -Dflag_supported    -rdynamic CMakeFiles/cmTC_fc8be.dir/src.cxx.o  -o cmTC_fc8be 
make[1]: Leaving directory '/home/bondarevivan/Github/task_1/CMakeFiles/CMakeTmp'

Source file was:
int main() { return 0; }
Performing C++ SOURCE FILE Test flag_supported succeeded with the following output:
Change Dir: /home/bondarevivan/Github/task_1/CMakeFiles/CMakeTmp

Run Build Command:"/usr/bin/make" "cmTC_fc44b/fast"
/usr/bin/make -f CMakeFiles/cmTC_fc44b.dir/build.make CMakeFiles/cmTC_fc44b.dir/build
make[1]: Entering directory '/home/bondarevivan/Github/task_1/CMakeFiles/CMakeTmp'
Building CXX object CMakeFiles/cmTC_fc44b.dir/src.cxx.o
/usr/bin/c++    -Dflag_supported   -Wall -o CMakeFiles/cmTC_fc44b.dir/src.cxx.o -c /home/bondarevivan/Github/task_1/CMakeFiles/CMakeTmp/src.cxx
Linking CXX executable cmTC_fc44b
/usr/bin/cmake -E cmake_link_script CMakeFiles/cmTC_fc44b.dir/link.txt --verbose=1
/usr/bin/c++   -Dflag_supported    -rdynamic CMakeFiles/cmTC_fc44b.dir/src.cxx.o  -o cmTC_fc44b 
make[1]: Leaving directory '/home/bondarevivan/Github/task_1/CMakeFiles/CMakeTmp'

Source file was:
int main() { return 0; }
Performing C++ SOURCE FILE Test flag_supported succeeded with the following output:
Change Dir: /home/bondarevivan/Github/task_1/CMakeFiles/CMakeTmp

Run Build Command:"/usr/bin/make" "cmTC_298b6/fast"
/usr/bin/make -f CMakeFiles/cmTC_298b6.dir/build.make CMakeFiles/cmTC_298b6.dir/build
make[1]: Entering directory '/home/bondarevivan/Github/task_1/CMakeFiles/CMakeTmp'
Building CXX object CMakeFiles/cmTC_298b6.dir/src.cxx.o
/usr/bin/c++    -Wall -Dflag_supported   -Wextra -o CMakeFiles/cmTC_298b6.dir/src.cxx.o -c /home/bondarevivan/Github/task_1/CMakeFiles/CMakeTmp/src.cxx
Linking CXX executable cmTC_298b6
/usr/bin/cmake -E cmake_link_script CMakeFiles/cmTC_298b6.dir/link.txt --verbose=1
/usr/bin/c++   -Wall -Dflag_supported    -rdynamic CMakeFiles/cmTC_298b6.dir/src.cxx.o  -o cmTC_298b6 
make[1]: Leaving directory '/home/bondarevivan/Github/task_1/CMakeFiles/CMakeTmp'

Source file was:
int main() { return 0; }
Performing C++ SOURCE FILE Test flag_supported succeeded with the following output:
Change Dir: /home/bondarevivan/Github/task_1/CMakeFiles/CMakeTmp

Run Build Command:"/usr/bin/make" "cmTC_dea32/fast"
/usr/bin/make -f CMakeFiles/cmTC_dea32.dir/build.make CMakeFiles/cmTC_dea32.dir/build
make[1]: Entering directory '/home/bondarevivan/Github/task_1/CMakeFiles/CMakeTmp'
Building CXX object CMakeFiles/cmTC_dea32.dir/src.cxx.o
/usr/bin/c++    -Wall -Wextra -Dflag_supported   -pedantic -o CMakeFiles/cmTC_dea32.dir/src.cxx.o -c /home/bondarevivan/Github/task_1/CMakeFiles/CMakeTmp/src.cxx
Linking CXX executable cmTC_dea32
/usr/bin/cmake -E cmake_link_script CMakeFiles/cmTC_dea32.dir/link.txt --verbose=1
/usr/bin/c++   -Wall -Wextra -Dflag_supported    -rdynamic CMakeFiles/cmTC_dea32.dir/src.cxx.o  -o cmTC_dea32 
make[1]: Leaving directory '/home/bondarevivan/Github/task_1/CMakeFiles/CMakeTmp'

Source file was:
int main() { return 0; }
Performing C++ SOURCE FILE Test flag_supported succeeded with the following output:
Change Dir: /home/bondarevivan/Github/task_1/CMakeFiles/CMakeTmp

Run Build Command:"/usr/bin/make" "cmTC_1cd44/fast"
/usr/bin/make -f CMakeFiles/cmTC_1cd44.dir/build.make CMakeFiles/cmTC_1cd44.dir/build
make[1]: Entering directory '/home/bondarevivan/Github/task_1/CMakeFiles/CMakeTmp'
Building CXX object CMakeFiles/cmTC_1cd44.dir/src.cxx.o
/usr/bin/c++    -Wall -Wextra -pedantic -Dflag_supported   -std=c++11 -o CMakeFiles/cmTC_1cd44.dir/src.cxx.o -c /home/bondarevivan/Github/task_1/CMakeFiles/CMakeTmp/src.cxx
Linking CXX executable cmTC_1cd44
/usr/bin/cmake -E cmake_link_script CMakeFiles/cmTC_1cd44.dir/link.txt --verbose=1
/usr/bin/c++   -Wall -Wextra -pedantic -Dflag_supported    -rdynamic CMakeFiles/cmTC_1cd44.dir/src.cxx.o  -o cmTC_1cd44 
make[1]: Leaving directory '/home/bondarevivan/Github/task_1/CMakeFiles/CMakeTmp'

Source file was:
int main() { return 0; }
Performing C++ SOURCE FILE Test flag_supported succeeded with the following output:
Change Dir: /home/bondarevivan/Github/task_1/CMakeFiles/CMakeTmp

Run Build Command:"/usr/bin/make" "cmTC_0aa7f/fast"
/usr/bin/make -f CMakeFiles/cmTC_0aa7f.dir/build.make CMakeFiles/cmTC_0aa7f.dir/build
make[1]: Entering directory '/home/bondarevivan/Github/task_1/CMakeFiles/CMakeTmp'
Building CXX object CMakeFiles/cmTC_0aa7f.dir/src.cxx.o
/usr/bin/c++    -Wall -Wextra -pedantic -std=c++11 -Dflag_supported   -O3 -o CMakeFiles/cmTC_0aa7f.dir/src.cxx.o -c /home/bondarevivan/Github/task_1/CMakeFiles/CMakeTmp/src.cxx
Linking CXX executable cmTC_0aa7f
/usr/bin/cmake -E cmake_link_script CMakeFiles/cmTC_0aa7f.dir/link.txt --verbose=1
/usr/bin/c++   -Wall -Wextra -pedantic -std=c++11 -Dflag_supported    -rdynamic CMakeFiles/cmTC_0aa7f.dir/src.cxx.o  -o cmTC_0aa7f 
make[1]: Leaving directory '/home/bondarevivan/Github/task_1/CMakeFiles/CMakeTmp'

Source file was:
int main() { return 0; }
Performing C++ SOURCE FILE Test flag_supported succeeded with the following output:
Change Dir: /home/bondarevivan/Github/task_1/CMakeFiles/CMakeTmp

Run Build Command:"/usr/bin/make" "cmTC_7ea9a/fast"
/usr/bin/make -f CMakeFiles/cmTC_7ea9a.dir/build.make CMakeFiles/cmTC_7ea9a.dir/build
make[1]: Entering directory '/home/bondarevivan/Github/task_1/CMakeFiles/CMakeTmp'
Building CXX object CMakeFiles/cmTC_7ea9a.dir/src.cxx.o
/usr/bin/c++    -Wall -Wextra -pedantic -std=c++11 -O3 -Dflag_supported   -fopenmp -o CMakeFiles/cmTC_7ea9a.dir/src.cxx.o -c /home/bondarevivan/Github/task_1/CMakeFiles/CMakeTmp/src.cxx
Linking CXX executable cmTC_7ea9a
/usr/bin/cmake -E cmake_link_script CMakeFiles/cmTC_7ea9a.dir/link.txt --verbose=1
/usr/bin/c++   -Wall -Wextra -pedantic -std=c++11 -O3 -Dflag_supported    -rdynamic CMakeFiles/cmTC_7ea9a.dir/src.cxx.o  -o cmTC_7ea9a 
make[1]: Leaving directory '/home/bondarevivan/Github/task_1/CMakeFiles/CMakeTmp'

Source file was:
int main() { return 0; }
Performing C++ SOURCE FILE Test flag_supported succeeded with the following output:
Change Dir: /home/bondarevivan/Github/task_1/CMakeFiles/CMakeTmp

Run Build Command:"/usr/bin/make" "cmTC_6a1bf/fast"
/usr/bin/make -f CMakeFiles/cmTC_6a1bf.dir/build.make CMakeFiles/cmTC_6a1bf.dir/build
make[1]: Entering directory '/home/bondarevivan/Github/task_1/CMakeFiles/CMakeTmp'
Building CXX object CMakeFiles/cmTC_6a1bf.dir/src.cxx.o
/usr/bin/c++    -Dflag_supported   -Wall -o CMakeFiles/cmTC_6a1bf.dir/src.cxx.o -c /home/bondarevivan/Github/task_1/CMakeFiles/CMakeTmp/src.cxx
Linking CXX executable cmTC_6a1bf
/usr/bin/cmake -E cmake_link_script CMakeFiles/cmTC_6a1bf.dir/link.txt --verbose=1
/usr/bin/c++   -Dflag_supported    -rdynamic CMakeFiles/cmTC_6a1bf.dir/src.cxx.o  -o cmTC_6a1bf 
make[1]: Leaving directory '/home/bondarevivan/Github/task_1/CMakeFiles/CMakeTmp'

Source file was:
int main() { return 0; }
Performing C++ SOURCE FILE Test flag_supported succeeded with the following output:
Change Dir: /home/bondarevivan/Github/task_1/CMakeFiles/CMakeTmp

Run Build Command:"/usr/bin/make" "cmTC_c9ff1/fast"
/usr/bin/make -f CMakeFiles/cmTC_c9ff1.dir/build.make CMakeFiles/cmTC_c9ff1.dir/build
make[1]: Entering directory '/home/bondarevivan/Github/task_1/CMakeFiles/CMakeTmp'
Building CXX object CMakeFiles/cmTC_c9ff1.dir/src.cxx.o
/usr/bin/c++    -Wall -Dflag_supported   -Wextra -o CMakeFiles/cmTC_c9ff1.dir/src.cxx.o -c /home/bondarevivan/Github/task_1/CMakeFiles/CMakeTmp/src.cxx
Linking CXX executable cmTC_c9ff1
/usr/bin/cmake -E cmake_link_script CMakeFiles/cmTC_c9ff1.dir/link.txt --verbose=1
/usr/bin/c++   -Wall -Dflag_supported    -rdynamic CMakeFiles/cmTC_c9ff1.dir/src.cxx.o  -o cmTC_c9ff1 
make[1]: Leaving directory '/home/bondarevivan/Github/task_1/CMakeFiles/CMakeTmp'

Source file was:
int main() { return 0; }
Performing C++ SOURCE FILE Test flag_supported succeeded with the following output:
Change Dir: /home/bondarevivan/Github/task_1/CMakeFiles/CMakeTmp

Run Build Command:"/usr/bin/make" "cmTC_906c7/fast"
/usr/bin/make -f CMakeFiles/cmTC_906c7.dir/build.make CMakeFiles/cmTC_906c7.dir/build
make[1]: Entering directory '/home/bondarevivan/Github/task_1/CMakeFiles/CMakeTmp'
Building CXX object CMakeFiles/cmTC_906c7.dir/src.cxx.o
/usr/bin/c++    -Wall -Wextra -Dflag_supported   -pedantic -o CMakeFiles/cmTC_906c7.dir/src.cxx.o -c /home/bondarevivan/Github/task_1/CMakeFiles/CMakeTmp/src.cxx
Linking CXX executable cmTC_906c7
/usr/bin/cmake -E cmake_link_script CMakeFiles/cmTC_906c7.dir/link.txt --verbose=1
/usr/bin/c++   -Wall -Wextra -Dflag_supported    -rdynamic CMakeFiles/cmTC_906c7.dir/src.cxx.o  -o cmTC_906c7 
make[1]: Leaving directory '/home/bondarevivan/Github/task_1/CMakeFiles/CMakeTmp'

Source file was:
int main() { return 0; }
Performing C++ SOURCE FILE Test flag_supported succeeded with the following output:
Change Dir: /home/bondarevivan/Github/task_1/CMakeFiles/CMakeTmp

Run Build Command:"/usr/bin/make" "cmTC_68713/fast"
/usr/bin/make -f CMakeFiles/cmTC_68713.dir/build.make CMakeFiles/cmTC_68713.dir/build
make[1]: Entering directory '/home/bondarevivan/Github/task_1/CMakeFiles/CMakeTmp'
Building CXX object CMakeFiles/cmTC_68713.dir/src.cxx.o
/usr/bin/c++    -Wall -Wextra -pedantic -Dflag_supported   -std=c++11 -o CMakeFiles/cmTC_68713.dir/src.cxx.o -c /home/bondarevivan/Github/task_1/CMakeFiles/CMakeTmp/src.cxx
Linking CXX executable cmTC_68713
/usr/bin/cmake -E cmake_link_script CMakeFiles/cmTC_68713.dir/link.txt --verbose=1
/usr/bin/c++   -Wall -Wextra -pedantic -Dflag_supported    -rdynamic CMakeFiles/cmTC_68713.dir/src.cxx.o  -o cmTC_68713 
make[1]: Leaving directory '/home/bondarevivan/Github/task_1/CMakeFiles/CMakeTmp'

Source file was:
int main() { return 0; }
Performing C++ SOURCE FILE Test flag_supported succeeded with the following output:
Change Dir: /home/bondarevivan/Github/task_1/CMakeFiles/CMakeTmp

Run Build Command:"/usr/bin/make" "cmTC_d477b/fast"
/usr/bin/make -f CMakeFiles/cmTC_d477b.dir/build.make CMakeFiles/cmTC_d477b.dir/build
make[1]: Entering directory '/home/bondarevivan/Github/task_1/CMakeFiles/CMakeTmp'
Building CXX object CMakeFiles/cmTC_d477b.dir/src.cxx.o
/usr/bin/c++    -Wall -Wextra -pedantic -std=c++11 -Dflag_supported   -O3 -o CMakeFiles/cmTC_d477b.dir/src.cxx.o -c /home/bondarevivan/Github/task_1/CMakeFiles/CMakeTmp/src.cxx
Linking CXX executable cmTC_d477b
/usr/bin/cmake -E cmake_link_script CMakeFiles/cmTC_d477b.dir/link.txt --verbose=1
/usr/bin/c++   -Wall -Wextra -pedantic -std=c++11 -Dflag_supported    -rdynamic CMakeFiles/cmTC_d477b.dir/src.cxx.o  -o cmTC_d477b 
make[1]: Leaving directory '/home/bondarevivan/Github/task_1/CMakeFiles/CMakeTmp'

Source file was:
int main() { return 0; }
Performing C++ SOURCE FILE Test flag_supported succeeded with the following output:
Change Dir: /home/bondarevivan/Github/task_1/CMakeFiles/CMakeTmp

Run Build Command:"/usr/bin/make" "cmTC_1ae3d/fast"
/usr/bin/make -f CMakeFiles/cmTC_1ae3d.dir/build.make CMakeFiles/cmTC_1ae3d.dir/build
make[1]: Entering directory '/home/bondarevivan/Github/task_1/CMakeFiles/CMakeTmp'
Building CXX object CMakeFiles/cmTC_1ae3d.dir/src.cxx.o
/usr/bin/c++    -Wall -Wextra -pedantic -std=c++11 -O3 -Dflag_supported   -fopenmp -o CMakeFiles/cmTC_1ae3d.dir/src.cxx.o -c /home/bondarevivan/Github/task_1/CMakeFiles/CMakeTmp/src.cxx
Linking CXX executable cmTC_1ae3d
/usr/bin/cmake -E cmake_link_script CMakeFiles/cmTC_1ae3d.dir/link.txt --verbose=1
/usr/bin/c++   -Wall -Wextra -pedantic -std=c++11 -O3 -Dflag_supported    -rdynamic CMakeFiles/cmTC_1ae3d.dir/src.cxx.o  -o cmTC_1ae3d 
make[1]: Leaving directory '/home/bondarevivan/Github/task_1/CMakeFiles/CMakeTmp'

Source file was:
int main() { return 0; }
